<?xml version="1.0" encoding="UTF-8"?>
<!-- Generated by org.testng.reporters.JUnitReportReporter -->
<testsuite hostname="DESKTOP-ERT9TDG" failures="0" tests="1" name="testcases.UserRegTest" time="0.003" errors="0" timestamp="01 Jul 2023 10:31:29 GMT" skipped="0">
  <testcase classname="testcases.UserRegTest" name="doUserReg" time="0.003"/>
</testsuite> <!-- testcases.UserRegTest -->
