<?xml version="1.0" encoding="UTF-8"?>
<!-- Generated by org.testng.reporters.JUnitReportReporter -->
<testsuite hostname="DESKTOP-H1PDUQ8" failures="0" tests="4" name="testcases.AddCustomerTest" time="7.132" errors="0" timestamp="2024-06-10T18:15:20 IST" skipped="0">
  <testcase classname="testcases.AddCustomerTest" name="addCustomer" time="1.681"/>
  <testcase classname="testcases.AddCustomerTest" name="addCustomer" time="1.887"/>
  <testcase classname="testcases.AddCustomerTest" name="addCustomer" time="1.972"/>
  <testcase classname="testcases.AddCustomerTest" name="addCustomer" time="1.592"/>
</testsuite> <!-- testcases.AddCustomerTest -->
