<?xml version="1.0" encoding="UTF-8"?>
<!-- Generated by org.testng.reporters.JUnitReportReporter -->
<testsuite hostname="DESKTOP-H1PDUQ8" failures="0" tests="1" name="testcases.BankManagerLoginTest" time="0.283" errors="0" timestamp="2024-06-10T18:15:20 IST" skipped="0">
  <testcase classname="testcases.BankManagerLoginTest" name="loginBankManager" time="0.283"/>
</testsuite> <!-- testcases.BankManagerLoginTest -->
