<?xml version="1.0" encoding="UTF-8"?>
<!-- Generated by org.testng.reporters.JUnitReportReporter -->
<testsuite hostname="DESKTOP-H1PDUQ8" failures="0" tests="3" name="testcases.OpenAccountTest" time="4.727" errors="0" timestamp="2024-06-10T18:15:20 IST" skipped="0">
  <testcase classname="testcases.OpenAccountTest" name="openAccount" time="1.545"/>
  <testcase classname="testcases.OpenAccountTest" name="openAccount" time="1.449"/>
  <testcase classname="testcases.OpenAccountTest" name="openAccount" time="1.733"/>
</testsuite> <!-- testcases.OpenAccountTest -->
