<?xml version="1.0" encoding="UTF-8"?>
<!-- Generated by org.testng.reporters.JUnitReportReporter -->
<testsuite hostname="DESKTOP-ERT9TDG" failures="0" tests="1" name="rough.TestProp" time="0.010" errors="0" timestamp="01 Jul 2023 09:38:46 GMT" skipped="0">
  <testcase classname="rough.TestProp" name="test" time="0.010"/>
</testsuite> <!-- rough.TestProp -->
